0 info it worked if it ends with ok
1 verbose cli [ 'node', '/usr/local/bin/npm', 'install', '-g', 'ember-cli' ]
2 info using npm@1.4.28
3 info using node@v0.10.35
4 verbose cache add [ 'ember-cli', null ]
5 verbose cache add name=undefined spec="ember-cli" args=["ember-cli",null]
6 verbose parsed url { protocol: null,
6 verbose parsed url   slashes: null,
6 verbose parsed url   auth: null,
6 verbose parsed url   host: null,
6 verbose parsed url   port: null,
6 verbose parsed url   hostname: null,
6 verbose parsed url   hash: null,
6 verbose parsed url   search: null,
6 verbose parsed url   query: null,
6 verbose parsed url   pathname: 'ember-cli',
6 verbose parsed url   path: 'ember-cli',
6 verbose parsed url   href: 'ember-cli' }
7 silly lockFile 63e15bd3-ember-cli ember-cli
8 verbose lock ember-cli /Users/judynguyen/.npm/63e15bd3-ember-cli.lock
9 silly lockFile 63e15bd3-ember-cli ember-cli
10 silly lockFile 63e15bd3-ember-cli ember-cli
11 verbose addNamed [ 'ember-cli', '' ]
12 verbose addNamed [ null, '*' ]
13 silly lockFile 1645c26a-ember-cli ember-cli@
14 verbose lock ember-cli@ /Users/judynguyen/.npm/1645c26a-ember-cli.lock
15 silly addNameRange { name: 'ember-cli', range: '*', hasData: false }
16 verbose request where is /ember-cli
17 verbose request registry https://registry.npmjs.org/
18 verbose request id f4306d48feb26db5
19 verbose url raw /ember-cli
20 verbose url resolving [ 'https://registry.npmjs.org/', './ember-cli' ]
21 verbose url resolved https://registry.npmjs.org/ember-cli
22 verbose request where is https://registry.npmjs.org/ember-cli
23 info trying registry request attempt 1 at 22:38:28
24 verbose etag "5362CQSTS6LEPGRN3D19EKK25"
25 http GET https://registry.npmjs.org/ember-cli
26 http 304 https://registry.npmjs.org/ember-cli
27 silly registry.get cb [ 304,
27 silly registry.get   { date: 'Tue, 27 Jan 2015 03:38:28 GMT',
27 silly registry.get     server: 'Apache',
27 silly registry.get     via: '1.1 varnish',
27 silly registry.get     'last-modified': 'Tue, 27 Jan 2015 03:38:28 GMT',
27 silly registry.get     'cache-control': 'max-age=60',
27 silly registry.get     etag: '"5362CQSTS6LEPGRN3D19EKK25"',
27 silly registry.get     age: '0',
27 silly registry.get     'x-served-by': 'cache-jfk1024-JFK',
27 silly registry.get     'x-cache': 'HIT',
27 silly registry.get     'x-cache-hits': '1',
27 silly registry.get     'x-timer': 'S1422329908.857310,VS0,VE85',
27 silly registry.get     vary: 'Accept',
27 silly registry.get     'content-length': '0',
27 silly registry.get     'keep-alive': 'timeout=10, max=50',
27 silly registry.get     connection: 'Keep-Alive' } ]
28 verbose etag https://registry.npmjs.org/ember-cli from cache
29 silly addNameRange number 2 { name: 'ember-cli', range: '*', hasData: true }
30 silly addNameRange versions [ 'ember-cli',
30 silly addNameRange   [ '0.0.0',
30 silly addNameRange     '0.0.1',
30 silly addNameRange     '0.0.2',
30 silly addNameRange     '0.0.3',
30 silly addNameRange     '0.0.4',
30 silly addNameRange     '0.0.5',
30 silly addNameRange     '0.0.6',
30 silly addNameRange     '0.0.7',
30 silly addNameRange     '0.0.8',
30 silly addNameRange     '0.0.9',
30 silly addNameRange     '0.0.10',
30 silly addNameRange     '0.0.11',
30 silly addNameRange     '0.0.12',
30 silly addNameRange     '0.0.13',
30 silly addNameRange     '0.0.14',
30 silly addNameRange     '0.0.15',
30 silly addNameRange     '0.0.16',
30 silly addNameRange     '0.0.18',
30 silly addNameRange     '0.0.19',
30 silly addNameRange     '0.0.20',
30 silly addNameRange     '0.0.21',
30 silly addNameRange     '0.0.22',
30 silly addNameRange     '0.0.23',
30 silly addNameRange     '0.0.24',
30 silly addNameRange     '0.0.25',
30 silly addNameRange     '0.0.27',
30 silly addNameRange     '0.0.28',
30 silly addNameRange     '0.0.29',
30 silly addNameRange     '0.0.32',
30 silly addNameRange     '0.0.33',
30 silly addNameRange     '0.0.34',
30 silly addNameRange     '0.0.35',
30 silly addNameRange     '0.0.36',
30 silly addNameRange     '0.0.37',
30 silly addNameRange     '0.0.38',
30 silly addNameRange     '0.0.39',
30 silly addNameRange     '0.0.40',
30 silly addNameRange     '0.0.41',
30 silly addNameRange     '0.0.42',
30 silly addNameRange     '0.0.43',
30 silly addNameRange     '0.0.44',
30 silly addNameRange     '0.0.45',
30 silly addNameRange     '0.0.46',
30 silly addNameRange     '0.0.47',
30 silly addNameRange     '0.1.0',
30 silly addNameRange     '0.1.1',
30 silly addNameRange     '0.1.2',
30 silly addNameRange     '0.1.3',
30 silly addNameRange     '0.1.4',
30 silly addNameRange     '0.1.5',
30 silly addNameRange     '0.1.6',
30 silly addNameRange     '0.1.7',
30 silly addNameRange     '0.1.8',
30 silly addNameRange     '0.1.9' ] ]
31 verbose addNamed [ 'ember-cli', '0.1.9' ]
32 verbose addNamed [ '0.1.9', '0.1.9' ]
33 silly lockFile 9355063c-ember-cli-0-1-9 ember-cli@0.1.9
34 verbose lock ember-cli@0.1.9 /Users/judynguyen/.npm/9355063c-ember-cli-0-1-9.lock
35 silly lockFile 9355063c-ember-cli-0-1-9 ember-cli@0.1.9
36 silly lockFile 9355063c-ember-cli-0-1-9 ember-cli@0.1.9
37 silly lockFile 1645c26a-ember-cli ember-cli@
38 silly lockFile 1645c26a-ember-cli ember-cli@
39 silly resolved [ { name: 'ember-cli',
39 silly resolved     version: '0.1.9',
39 silly resolved     main: 'lib/cli/index.js',
39 silly resolved     description: 'Command line tool for developing ambitious ember.js apps',
39 silly resolved     trackingCode: 'UA-49225444-1',
39 silly resolved     bin: { ember: './bin/ember' },
39 silly resolved     scripts:
39 silly resolved      { docs: 'node bin/generate-docs.js',
39 silly resolved        test: 'node tests/runner',
39 silly resolved        'test-all': 'node tests/runner all',
39 silly resolved        autotest: 'mocha --watch --reporter spec tests/**/*-test.js' },
39 silly resolved     repository:
39 silly resolved      { type: 'git',
39 silly resolved        url: 'https://github.com/ember-cli/ember-cli.git' },
39 silly resolved     engines: { node: '>= 0.10.0' },
39 silly resolved     keywords:
39 silly resolved      [ 'ember.js',
39 silly resolved        'ember',
39 silly resolved        'cli',
39 silly resolved        'app',
39 silly resolved        'kit',
39 silly resolved        'app-kit',
39 silly resolved        'ember-app-kit' ],
39 silly resolved     author: { name: 'Stefan Penner, Robert Jackson and ember-cli contributors' },
39 silly resolved     license: 'MIT',
39 silly resolved     bugs: { url: 'https://github.com/ember-cli/ember-cli/issues' },
39 silly resolved     dependencies:
39 silly resolved      { abbrev: '^1.0.5',
39 silly resolved        bower: '^1.3.5',
39 silly resolved        'bower-config': '0.5.2',
39 silly resolved        broccoli: '0.13.3',
39 silly resolved        'broccoli-caching-writer': '0.5.1',
39 silly resolved        'broccoli-clean-css': '0.2.0',
39 silly resolved        'broccoli-es3-safe-recast': '1.0.0',
39 silly resolved        'broccoli-es6modules': '^0.4.0',
39 silly resolved        'broccoli-filter': '0.1.7',
39 silly resolved        'broccoli-funnel': '0.1.5',
39 silly resolved        'broccoli-jshint': '0.5.3',
39 silly resolved        'broccoli-kitchen-sink-helpers': '0.2.5',
39 silly resolved        'broccoli-merge-trees': '0.2.1',
39 silly resolved        'broccoli-sane-watcher': 'git+https://github.com/krisselden/broccoli-sane-watcher',
39 silly resolved        'broccoli-sourcemap-concat': '^0.4.3',
39 silly resolved        'broccoli-static-compiler': '0.2.1',
39 silly resolved        'broccoli-uglify-sourcemap': '^0.2.1',
39 silly resolved        'broccoli-unwatched-tree': '0.1.1',
39 silly resolved        'broccoli-writer': '0.1.1',
39 silly resolved        chalk: '0.5.1',
39 silly resolved        'concat-stream': '^1.4.6',
39 silly resolved        configstore: '0.3.1',
39 silly resolved        'core-object': '0.0.2',
39 silly resolved        debug: '^2.1.0',
39 silly resolved        diff: '^1.0.8',
39 silly resolved        'ember-router-generator': '^0.2.0',
39 silly resolved        exit: '^0.1.2',
39 silly resolved        express: '^4.8.5',
39 silly resolved        findup: '0.1.5',
39 silly resolved        'fs-extra': '0.12.0',
39 silly resolved        'git-repo-info': '^1.0.2',
39 silly resolved        glob: '4.0.5',
39 silly resolved        'http-proxy': '^1.6.2',
39 silly resolved        inflection: '^1.4.0',
39 silly resolved        inquirer: '0.5.1',
39 silly resolved        'js-string-escape': '^1.0.0',
39 silly resolved        leek: '0.0.17',
39 silly resolved        'lodash-node': '^2.4.1',
39 silly resolved        minimatch: '^1.0.0',
39 silly resolved        mkdirp: '0.5.0',
39 silly resolved        morgan: '^1.2.2',
39 silly resolved        ncp: '0.6.0',
39 silly resolved        'node-uuid': '^1.4.1',
39 silly resolved        nopt: '^3.0.1',
39 silly resolved        npm: '2.1.8',
39 silly resolved        'pleasant-progress': '^1.0.1',
39 silly resolved        'proxy-middleware': '0.6.0',
39 silly resolved        'quick-temp': '0.1.2',
39 silly resolved        readline2: '0.1.0',
39 silly resolved        resolve: '^1.0.0',
39 silly resolved        rimraf: '^2.2.8',
39 silly resolved        rsvp: '^3.0.14',
39 silly resolved        sane: '0.8.0',
39 silly resolved        semver: '^4.0.3',
39 silly resolved        'symlink-or-copy': '^1.0.0',
39 silly resolved        temp: '0.8.1',
39 silly resolved        testem: '0.6.31',
39 silly resolved        through: '^2.3.4',
39 silly resolved        'tiny-lr': '0.1.4',
39 silly resolved        'walk-sync': '0.1.3',
39 silly resolved        yam: '0.0.17' },
39 silly resolved     devDependencies:
39 silly resolved      { chai: '^1.9.1',
39 silly resolved        'chai-as-promised': '^4.1.1',
39 silly resolved        github: '^0.2.3',
39 silly resolved        mocha: '^1.18.0',
39 silly resolved        'mocha-jshint': '0.0.9',
39 silly resolved        multiline: '^1.0.1',
39 silly resolved        nock: '^0.51.0',
39 silly resolved        'node-require-timings': '0.0.2',
39 silly resolved        supertest: '0.14.0',
39 silly resolved        'tmp-sync': '^1.0.1',
39 silly resolved        yuidocjs: '0.3.50' },
39 silly resolved     homepage: 'https://github.com/ember-cli/ember-cli',
39 silly resolved     bundleDependencies:
39 silly resolved      [ 'bower',
39 silly resolved        'bower-config',
39 silly resolved        'broccoli',
39 silly resolved        'broccoli-clean-css',
39 silly resolved        'broccoli-es3-safe-recast',
39 silly resolved        'broccoli-filter',
39 silly resolved        'broccoli-funnel',
39 silly resolved        'broccoli-jshint',
39 silly resolved        'broccoli-kitchen-sink-helpers',
39 silly resolved        'broccoli-merge-trees',
39 silly resolved        'broccoli-sane-watcher',
39 silly resolved        'broccoli-static-compiler',
39 silly resolved        'broccoli-uglify-sourcemap',
39 silly resolved        'broccoli-unwatched-tree',
39 silly resolved        'chalk',
39 silly resolved        'concat-stream',
39 silly resolved        'configstore',
39 silly resolved        'core-object',
39 silly resolved        'diff',
39 silly resolved        'ember-router-generator',
39 silly resolved        'express',
39 silly resolved        'findup',
39 silly resolved        'fs-extra',
39 silly resolved        'git-repo-info',
39 silly resolved        'glob',
39 silly resolved        'inflection',
39 silly resolved        'inquirer',
39 silly resolved        'leek',
39 silly resolved        'lodash-node',
39 silly resolved        'minimatch',
39 silly resolved        'mkdirp',
39 silly resolved        'morgan',
39 silly resolved        'ncp',
39 silly resolved        'node-uuid',
39 silly resolved        'nopt',
39 silly resolved        'npm',
39 silly resolved        'pleasant-progress',
39 silly resolved        'proxy-middleware',
39 silly resolved        'quick-temp',
39 silly resolved        'readline2',
39 silly resolved        'resolve',
39 silly resolved        'rimraf',
39 silly resolved        'rsvp',
39 silly resolved        'sane',
39 silly resolved        'semver',
39 silly resolved        'testem',
39 silly resolved        'through',
39 silly resolved        'tiny-lr',
39 silly resolved        'walk-sync' ],
39 silly resolved     _id: 'ember-cli@0.1.9',
39 silly resolved     _shasum: '4f46281f90bd840214fe1a7760c145b8c49f5de8',
39 silly resolved     _resolved: 'https://registry.npmjs.org/ember-cli/-/ember-cli-0.1.9.tgz',
39 silly resolved     _from: 'ember-cli@',
39 silly resolved     _npmVersion: '2.3.0',
39 silly resolved     _nodeVersion: '0.10.35',
39 silly resolved     _npmUser: { name: 'jgwhite', email: 'jamie@jgwhite.co.uk' },
39 silly resolved     maintainers:
39 silly resolved      [ [Object],
39 silly resolved        [Object],
39 silly resolved        [Object],
39 silly resolved        [Object],
39 silly resolved        [Object],
39 silly resolved        [Object],
39 silly resolved        [Object] ],
39 silly resolved     dist:
39 silly resolved      { shasum: '4f46281f90bd840214fe1a7760c145b8c49f5de8',
39 silly resolved        tarball: 'http://registry.npmjs.org/ember-cli/-/ember-cli-0.1.9.tgz' },
39 silly resolved     directories: {},
39 silly resolved     readme: 'ERROR: No README data found!' } ]
40 info install ember-cli@0.1.9 into /usr/local/lib
41 info installOne ember-cli@0.1.9
42 verbose lib/node_modules/ember-cli unbuild
43 verbose tar unpack /Users/judynguyen/.npm/ember-cli/0.1.9/package.tgz
44 silly lockFile 27815105-local-lib-node-modules-ember-cli tar:///usr/local/lib/node_modules/ember-cli
45 verbose lock tar:///usr/local/lib/node_modules/ember-cli /Users/judynguyen/.npm/27815105-local-lib-node-modules-ember-cli.lock
46 silly lockFile 5e58fbf7--npm-ember-cli-0-1-9-package-tgz tar:///Users/judynguyen/.npm/ember-cli/0.1.9/package.tgz
47 verbose lock tar:///Users/judynguyen/.npm/ember-cli/0.1.9/package.tgz /Users/judynguyen/.npm/5e58fbf7--npm-ember-cli-0-1-9-package-tgz.lock
48 silly gunzTarPerm modes [ '755', '644' ]
49 error Error: EACCES, mkdir '/usr/local/lib/node_modules/ember-cli'
49 error  { [Error: EACCES, mkdir '/usr/local/lib/node_modules/ember-cli']
49 error   errno: 3,
49 error   code: 'EACCES',
49 error   path: '/usr/local/lib/node_modules/ember-cli',
49 error   fstream_type: 'Directory',
49 error   fstream_path: '/usr/local/lib/node_modules/ember-cli',
49 error   fstream_class: 'DirWriter',
49 error   fstream_stack:
49 error    [ '/usr/local/lib/node_modules/npm/node_modules/fstream/lib/dir-writer.js:36:23',
49 error      '/usr/local/lib/node_modules/npm/node_modules/mkdirp/index.js:46:53',
49 error      'Object.oncomplete (fs.js:108:15)' ] }
50 error Please try running this command again as root/Administrator.
51 error System Darwin 14.0.0
52 error command "node" "/usr/local/bin/npm" "install" "-g" "ember-cli"
53 error cwd /Users/judynguyen/OneDrive/Projects/judybot
54 error node -v v0.10.35
55 error npm -v 1.4.28
56 error path /usr/local/lib/node_modules/ember-cli
57 error fstream_path /usr/local/lib/node_modules/ember-cli
58 error fstream_type Directory
59 error fstream_class DirWriter
60 error code EACCES
61 error errno 3
62 error stack Error: EACCES, mkdir '/usr/local/lib/node_modules/ember-cli'
63 error fstream_stack /usr/local/lib/node_modules/npm/node_modules/fstream/lib/dir-writer.js:36:23
63 error fstream_stack /usr/local/lib/node_modules/npm/node_modules/mkdirp/index.js:46:53
63 error fstream_stack Object.oncomplete (fs.js:108:15)
64 verbose exit [ 3, true ]
